<?xml version="1.0" encoding="UTF-8"?>
<testng-results ignored="0" total="0" passed="0" failed="0" skipped="0">
  <reporter-output>
  </reporter-output>
  <suite started-at="2023-02-18T12:33:56 IST" name="Default suite" finished-at="2023-02-18T12:33:56 IST" duration-ms="411">
    <groups>
      <group name="cucumber">
        <method signature="AbstractTestNGCucumberTests.runScenario(io.cucumber.testng.PickleWrapper,io.cucumber.testng.FeatureWrapper)[pri:0, instance:testcases.Runnerclass@5d0bf09b]" name="runScenario" class="io.cucumber.testng.AbstractTestNGCucumberTests"/>
      </group> <!-- cucumber -->
    </groups>
    <test started-at="2023-02-18T12:33:56 IST" name="Default test" finished-at="2023-02-18T12:33:56 IST" duration-ms="411">
      <class name="testcases.Runnerclass">
        <test-method is-config="true" signature="setUpClass()[pri:0, instance:testcases.Runnerclass@5d0bf09b]" started-at="2023-02-18T12:33:56 IST" name="setUpClass" finished-at="2023-02-18T12:33:56 IST" duration-ms="348" status="PASS">
          <reporter-output>
          </reporter-output>
        </test-method> <!-- setUpClass -->
        <test-method is-config="true" signature="tearDownClass()[pri:0, instance:testcases.Runnerclass@5d0bf09b]" started-at="2023-02-18T12:33:56 IST" name="tearDownClass" finished-at="2023-02-18T12:33:56 IST" duration-ms="20" status="PASS">
          <reporter-output>
          </reporter-output>
        </test-method> <!-- tearDownClass -->
      </class> <!-- testcases.Runnerclass -->
    </test> <!-- Default test -->
  </suite> <!-- Default suite -->
</testng-results>
